2024-10-04T12:21:09.674Z error: Cannot read properties of undefined (reading 'get') | TypeError: Cannot read properties of undefined (reading 'get')
    at F:\Angular18FullStackApplication\backend\src\controllers\post.controller.ts:39:22
    at Generator.next (<anonymous>)
    at F:\Angular18FullStackApplication\backend\src\controllers\post.controller.ts:8:71
    at new Promise (<anonymous>)
    at __awaiter (F:\Angular18FullStackApplication\backend\src\controllers\post.controller.ts:4:12)
    at getAllPostsController (F:\Angular18FullStackApplication\backend\src\controllers\post.controller.ts:13:76)
    at newFn (F:\Angular18FullStackApplication\backend\node_modules\express-async-errors\index.js:16:20)
    at Layer.handle [as handle_request] (F:\Angular18FullStackApplication\backend\node_modules\express\lib\router\layer.js:95:5)
    at next (F:\Angular18FullStackApplication\backend\node_modules\express\lib\router\route.js:149:13)
    at authenticateJWT_common (F:\Angular18FullStackApplication\backend\src\shared\auth.util.ts:53:14)
2024-10-04T13:43:30.433Z error: Cannot read properties of undefined (reading 'get') | TypeError: Cannot read properties of undefined (reading 'get')
    at F:\Angular18FullStackApplication\backend\src\controllers\post.controller.ts:39:22
    at Generator.next (<anonymous>)
    at F:\Angular18FullStackApplication\backend\src\controllers\post.controller.ts:8:71
    at new Promise (<anonymous>)
    at __awaiter (F:\Angular18FullStackApplication\backend\src\controllers\post.controller.ts:4:12)
    at getAllPostsController (F:\Angular18FullStackApplication\backend\src\controllers\post.controller.ts:13:76)
    at newFn (F:\Angular18FullStackApplication\backend\node_modules\express-async-errors\index.js:16:20)
    at Layer.handle [as handle_request] (F:\Angular18FullStackApplication\backend\node_modules\express\lib\router\layer.js:95:5)
    at next (F:\Angular18FullStackApplication\backend\node_modules\express\lib\router\route.js:149:13)
    at authenticateJWT_common (F:\Angular18FullStackApplication\backend\src\shared\auth.util.ts:53:14)
2024-10-04T13:44:59.231Z error: Cannot read properties of undefined (reading 'get') | TypeError: Cannot read properties of undefined (reading 'get')
    at F:\Angular18FullStackApplication\backend\src\controllers\post.controller.ts:39:22
    at Generator.next (<anonymous>)
    at F:\Angular18FullStackApplication\backend\src\controllers\post.controller.ts:8:71
    at new Promise (<anonymous>)
    at __awaiter (F:\Angular18FullStackApplication\backend\src\controllers\post.controller.ts:4:12)
    at getAllPostsController (F:\Angular18FullStackApplication\backend\src\controllers\post.controller.ts:13:76)
    at newFn (F:\Angular18FullStackApplication\backend\node_modules\express-async-errors\index.js:16:20)
    at Layer.handle [as handle_request] (F:\Angular18FullStackApplication\backend\node_modules\express\lib\router\layer.js:95:5)
    at next (F:\Angular18FullStackApplication\backend\node_modules\express\lib\router\route.js:149:13)
    at authenticateJWT_common (F:\Angular18FullStackApplication\backend\src\shared\auth.util.ts:53:14)
2024-10-04T13:45:07.847Z error: Cannot read properties of undefined (reading 'get') | TypeError: Cannot read properties of undefined (reading 'get')
    at F:\Angular18FullStackApplication\backend\src\controllers\post.controller.ts:39:22
    at Generator.next (<anonymous>)
    at F:\Angular18FullStackApplication\backend\src\controllers\post.controller.ts:8:71
    at new Promise (<anonymous>)
    at __awaiter (F:\Angular18FullStackApplication\backend\src\controllers\post.controller.ts:4:12)
    at getAllPostsController (F:\Angular18FullStackApplication\backend\src\controllers\post.controller.ts:13:76)
    at newFn (F:\Angular18FullStackApplication\backend\node_modules\express-async-errors\index.js:16:20)
    at Layer.handle [as handle_request] (F:\Angular18FullStackApplication\backend\node_modules\express\lib\router\layer.js:95:5)
    at next (F:\Angular18FullStackApplication\backend\node_modules\express\lib\router\route.js:149:13)
    at authenticateJWT_common (F:\Angular18FullStackApplication\backend\src\shared\auth.util.ts:53:14)
2024-10-04T13:45:14.619Z error: Cannot read properties of undefined (reading 'get') | TypeError: Cannot read properties of undefined (reading 'get')
    at F:\Angular18FullStackApplication\backend\src\controllers\post.controller.ts:39:22
    at Generator.next (<anonymous>)
    at F:\Angular18FullStackApplication\backend\src\controllers\post.controller.ts:8:71
    at new Promise (<anonymous>)
    at __awaiter (F:\Angular18FullStackApplication\backend\src\controllers\post.controller.ts:4:12)
    at getAllPostsController (F:\Angular18FullStackApplication\backend\src\controllers\post.controller.ts:13:76)
    at newFn (F:\Angular18FullStackApplication\backend\node_modules\express-async-errors\index.js:16:20)
    at Layer.handle [as handle_request] (F:\Angular18FullStackApplication\backend\node_modules\express\lib\router\layer.js:95:5)
    at next (F:\Angular18FullStackApplication\backend\node_modules\express\lib\router\route.js:149:13)
    at authenticateJWT_common (F:\Angular18FullStackApplication\backend\src\shared\auth.util.ts:53:14)
2024-10-04T13:55:47.412Z error: Cannot read properties of undefined (reading 'get') | TypeError: Cannot read properties of undefined (reading 'get')
    at F:\Angular18FullStackApplication\backend\src\controllers\post.controller.ts:39:22
    at Generator.next (<anonymous>)
    at F:\Angular18FullStackApplication\backend\src\controllers\post.controller.ts:8:71
    at new Promise (<anonymous>)
    at __awaiter (F:\Angular18FullStackApplication\backend\src\controllers\post.controller.ts:4:12)
    at getAllPostsController (F:\Angular18FullStackApplication\backend\src\controllers\post.controller.ts:13:76)
    at newFn (F:\Angular18FullStackApplication\backend\node_modules\express-async-errors\index.js:16:20)
    at Layer.handle [as handle_request] (F:\Angular18FullStackApplication\backend\node_modules\express\lib\router\layer.js:95:5)
    at next (F:\Angular18FullStackApplication\backend\node_modules\express\lib\router\route.js:149:13)
    at authenticateJWT_common (F:\Angular18FullStackApplication\backend\src\shared\auth.util.ts:53:14)
2024-10-04T17:38:14.843Z error: Cannot read properties of undefined (reading 'get') | TypeError: Cannot read properties of undefined (reading 'get')
    at F:\Angular18FullStackApplication\backend\src\controllers\post.controller.ts:39:22
    at Generator.next (<anonymous>)
    at F:\Angular18FullStackApplication\backend\src\controllers\post.controller.ts:8:71
    at new Promise (<anonymous>)
    at __awaiter (F:\Angular18FullStackApplication\backend\src\controllers\post.controller.ts:4:12)
    at getAllPostsController (F:\Angular18FullStackApplication\backend\src\controllers\post.controller.ts:13:76)
    at newFn (F:\Angular18FullStackApplication\backend\node_modules\express-async-errors\index.js:16:20)
    at Layer.handle [as handle_request] (F:\Angular18FullStackApplication\backend\node_modules\express\lib\router\layer.js:95:5)
    at next (F:\Angular18FullStackApplication\backend\node_modules\express\lib\router\route.js:149:13)
    at authenticateJWT_common (F:\Angular18FullStackApplication\backend\src\shared\auth.util.ts:53:14)
